<?xml version="1.0" encoding="UTF-8"?>
<!-- Generated by org.testng.reporters.JUnitXMLReporter -->
<testsuite ignored="3" hostname="LAPTOP-76FA927J" failures="0" tests="3" name="Test" time="0.096" errors="0" timestamp="27 Apr 2023 06:09:51 GMT">
  <testcase classname="testcases.HomeLoanTest" name="test2" time="0.01"/>
  <testcase classname="testcases.HomeLoanTest" name="test1" time="0.002"/>
  <testcase classname="testcases.CarLoanTest" name="test3" time="0.003"/>
  <testcase classname="testcases.BaseClass" name="@BeforeTest method3" time="0.0">
    <ignored/>
  </testcase> <!-- @BeforeTest method3 -->
  <testcase classname="testcases.BaseClass" name="@AfterTest method4" time="0.0">
    <ignored/>
  </testcase> <!-- @AfterTest method4 -->
  <testcase classname="testcases.CreditCardTest" name="test4" time="0.0">
    <ignored/>
  </testcase> <!-- test4 -->
</testsuite> <!-- Test -->
