<?xml version="1.0" encoding="UTF-8"?>
<!-- Generated by org.testng.reporters.JUnitXMLReporter -->
<testsuite ignored="4" hostname="LAPTOP-76FA927J" failures="0" tests="2" name="Test" time="0.087" errors="0" timestamp="27 Apr 2023 06:27:38 GMT">
  <testcase classname="testcases.HomeLoanTest" name="test2" time="0.011"/>
  <testcase classname="testcases.CreditCardTest" name="test4" time="0.003"/>
  <testcase classname="testcases.BaseClass" name="@BeforeTest method3" time="0.0">
    <ignored/>
  </testcase> <!-- @BeforeTest method3 -->
  <testcase classname="testcases.HomeLoanTest" name="test1" time="0.0">
    <ignored/>
  </testcase> <!-- test1 -->
  <testcase classname="testcases.BaseClass" name="@AfterTest method4" time="0.0">
    <ignored/>
  </testcase> <!-- @AfterTest method4 -->
  <testcase classname="testcases.CarLoanTest" name="test3" time="0.0">
    <ignored/>
  </testcase> <!-- test3 -->
</testsuite> <!-- Test -->
