<?xml version="1.0" encoding="UTF-8"?>
<testng-results ignored="4" total="6" passed="2" failed="0" skipped="0">
  <reporter-output>
  </reporter-output>
  <suite started-at="2023-04-27T06:27:38Z" name="Sanity" finished-at="2023-04-27T06:27:38Z" duration-ms="87">
    <groups>
      <group name="regreesion">
        <method signature="HomeLoanTest.test2()[pri:0, instance:testcases.HomeLoanTest@21129f1f]" name="test2" class="testcases.HomeLoanTest"/>
      </group> <!-- regreesion -->
      <group name="sanity">
        <method signature="CreditCardTest.test4()[pri:0, instance:testcases.CreditCardTest@5a9f4771]" name="test4" class="testcases.CreditCardTest"/>
        <method signature="HomeLoanTest.test2()[pri:0, instance:testcases.HomeLoanTest@21129f1f]" name="test2" class="testcases.HomeLoanTest"/>
      </group> <!-- sanity -->
    </groups>
    <test started-at="2023-04-27T06:27:38Z" name="Test" finished-at="2023-04-27T06:27:38Z" duration-ms="87">
      <class name="testcases.CarLoanTest">
        <test-method is-config="true" signature="method3()[pri:0, instance:testcases.CarLoanTest@4278284b]" started-at="2023-04-27T06:27:38Z" name="method3" finished-at="2023-04-27T06:27:38Z" duration-ms="24" status="PASS">
          <reporter-output>
          </reporter-output>
        </test-method> <!-- method3 -->
        <test-method is-config="true" signature="method4()[pri:0, instance:testcases.CarLoanTest@4278284b]" started-at="2023-04-27T06:27:38Z" name="method4" finished-at="2023-04-27T06:27:38Z" duration-ms="0" status="PASS">
          <reporter-output>
          </reporter-output>
        </test-method> <!-- method4 -->
      </class> <!-- testcases.CarLoanTest -->
      <class name="testcases.CreditCardTest">
        <test-method signature="test4()[pri:0, instance:testcases.CreditCardTest@5a9f4771]" started-at="2023-04-27T06:27:38Z" name="test4" finished-at="2023-04-27T06:27:38Z" duration-ms="3" status="PASS">
          <reporter-output>
          </reporter-output>
        </test-method> <!-- test4 -->
      </class> <!-- testcases.CreditCardTest -->
      <class name="testcases.HomeLoanTest">
        <test-method is-config="true" signature="method1()[pri:0, instance:testcases.HomeLoanTest@21129f1f]" started-at="2023-04-27T06:27:38Z" name="method1" finished-at="2023-04-27T06:27:38Z" duration-ms="0" status="PASS">
          <reporter-output>
          </reporter-output>
        </test-method> <!-- method1 -->
        <test-method signature="test2()[pri:0, instance:testcases.HomeLoanTest@21129f1f]" started-at="2023-04-27T06:27:38Z" name="test2" finished-at="2023-04-27T06:27:38Z" duration-ms="11" status="PASS">
          <reporter-output>
          </reporter-output>
        </test-method> <!-- test2 -->
        <test-method is-config="true" signature="method2()[pri:0, instance:testcases.HomeLoanTest@21129f1f]" started-at="2023-04-27T06:27:38Z" name="method2" finished-at="2023-04-27T06:27:38Z" duration-ms="0" status="PASS">
          <reporter-output>
          </reporter-output>
        </test-method> <!-- method2 -->
      </class> <!-- testcases.HomeLoanTest -->
    </test> <!-- Test -->
  </suite> <!-- Sanity -->
</testng-results>
